<?xml version="1.0" encoding="UTF-8"?>
<!-- Generated by org.testng.reporters.JUnitReportReporter -->
<testsuite skipped="0" hostname="DESKTOP-6DIBS4R" name="com.walmarttestApp.testcases.CreateAccountTest" tests="1" failures="0" timestamp="14 Jul 2019 22:33:06 GMT" time="38.869" errors="0">
  <testcase name="createacc_details" time="38.869" classname="com.walmarttestApp.testcases.CreateAccountTest"/>
</testsuite> <!-- com.walmarttestApp.testcases.CreateAccountTest -->
