<?xml version="1.0" encoding="UTF-8"?>
<!-- Generated by org.testng.reporters.JUnitReportReporter -->
<testsuite skipped="0" hostname="DESKTOP-6DIBS4R" name="com.walmarttestApp.testcases.ipadandTabPageTest" tests="1" failures="0" timestamp="14 Jul 2019 22:33:06 GMT" time="130.558" errors="0">
  <testcase name="ratingtest" time="130.558" classname="com.walmarttestApp.testcases.ipadandTabPageTest"/>
</testsuite> <!-- com.walmarttestApp.testcases.ipadandTabPageTest -->
