<?xml version="1.0" encoding="UTF-8"?>
<!-- Generated by org.testng.reporters.JUnitReportReporter -->
<testsuite skipped="0" hostname="DESKTOP-6DIBS4R" name="com.walmarttestApp.testcases.SignInTest" tests="2" failures="0" timestamp="14 Jul 2019 22:33:05 GMT" time="79.937" errors="0">
  <testcase name="clickonSignInbtntest" time="37.097" classname="com.walmarttestApp.testcases.SignInTest"/>
  <testcase name="clickonJoinNowlnktest" time="42.840" classname="com.walmarttestApp.testcases.SignInTest"/>
</testsuite> <!-- com.walmarttestApp.testcases.SignInTest -->
