<?xml version="1.0" encoding="UTF-8"?>
<!-- Generated by org.testng.reporters.JUnitReportReporter -->
<testsuite skipped="0" hostname="DESKTOP-6DIBS4R" name="com.walmarttestApp.testcases.MyOrderTest" tests="2" failures="0" timestamp="15 Jul 2019 00:39:56 GMT" time="65.089" errors="0">
  <testcase name="selectorderdatetest" time="31.276" classname="com.walmarttestApp.testcases.MyOrderTest"/>
  <testcase name="trackordertest" time="33.813" classname="com.walmarttestApp.testcases.MyOrderTest"/>
</testsuite> <!-- com.walmarttestApp.testcases.MyOrderTest -->
