<?xml version="1.0" encoding="UTF-8"?>
<!-- Generated by org.testng.reporters.JUnitReportReporter -->
<testsuite skipped="0" hostname="DESKTOP-6DIBS4R" name="com.walmarttestApp.testcases.HomePageTest" tests="3" failures="0" timestamp="15 Jul 2019 02:56:04 GMT" time="415.145" errors="0">
  <testcase name="searchfunctionalitytest" time="162.520" classname="com.walmarttestApp.testcases.HomePageTest"/>
  <testcase name="searchfunctionalitytest" time="111.381" classname="com.walmarttestApp.testcases.HomePageTest"/>
  <testcase name="searchfunctionalitytest" time="141.244" classname="com.walmarttestApp.testcases.HomePageTest"/>
</testsuite> <!-- com.walmarttestApp.testcases.HomePageTest -->
