<?xml version="1.0" encoding="UTF-8"?>
<!-- Generated by org.testng.reporters.JUnitReportReporter -->
<testsuite skipped="0" hostname="DESKTOP-6DIBS4R" name="com.walmarttestApp.testcases.pantsandcapritest" tests="2" failures="0" timestamp="15 Jul 2019 01:12:41 GMT" time="183.344" errors="0">
  <testcase name="selectcapribybrand" time="76.978" classname="com.walmarttestApp.testcases.pantsandcapritest"/>
  <testcase name="selectcapribybrand" time="106.366" classname="com.walmarttestApp.testcases.pantsandcapritest"/>
</testsuite> <!-- com.walmarttestApp.testcases.pantsandcapritest -->
